-- The C compiler identification is GNU 11.4.0
-- The CXX compiler identification is GNU 11.4.0
-- Detecting C compiler ABI info
-- Detecting C compiler ABI info - done
-- Check for working C compiler: /usr/bin/cc - skipped
-- Detecting C compile features
-- Detecting C compile features - done
-- Detecting CXX compiler ABI info
-- Detecting CXX compiler ABI info - done
-- Check for working CXX compiler: /usr/bin/c++ - skipped
-- Detecting CXX compile features
-- Detecting CXX compile features - done
-- Found ament_cmake: 1.3.11 (/opt/ros/humble/share/ament_cmake/cmake)
-- Found Python3: /usr/bin/python3 (found version "3.10.12") found components: Interpreter 
-- Found ament_lint_auto: 0.12.12 (/opt/ros/humble/share/ament_lint_auto/cmake)
-- Added test 'lint_cmake' to check CMake code style
-- Added test 'xmllint' to check XML markup files
-- Configuring done
-- Generating done
-- Build files have been written to: /home/ahmedmwafy/My_Projects/Path_Planning/pathgeneration_ws/build/graph_search_algorithms
-- Install configuration: ""
-- Installing: /home/ahmedmwafy/My_Projects/Path_Planning/pathgeneration_ws/install/graph_search_algorithms/share/ament_index/resource_index/package_run_dependencies/graph_search_algorithms
-- Installing: /home/ahmedmwafy/My_Projects/Path_Planning/pathgeneration_ws/install/graph_search_algorithms/share/ament_index/resource_index/parent_prefix_path/graph_search_algorithms
-- Installing: /home/ahmedmwafy/My_Projects/Path_Planning/pathgeneration_ws/install/graph_search_algorithms/share/graph_search_algorithms/environment/ament_prefix_path.sh
-- Installing: /home/ahmedmwafy/My_Projects/Path_Planning/pathgeneration_ws/install/graph_search_algorithms/share/graph_search_algorithms/environment/ament_prefix_path.dsv
-- Installing: /home/ahmedmwafy/My_Projects/Path_Planning/pathgeneration_ws/install/graph_search_algorithms/share/graph_search_algorithms/environment/path.sh
-- Installing: /home/ahmedmwafy/My_Projects/Path_Planning/pathgeneration_ws/install/graph_search_algorithms/share/graph_search_algorithms/environment/path.dsv
-- Installing: /home/ahmedmwafy/My_Projects/Path_Planning/pathgeneration_ws/install/graph_search_algorithms/share/graph_search_algorithms/local_setup.bash
-- Installing: /home/ahmedmwafy/My_Projects/Path_Planning/pathgeneration_ws/install/graph_search_algorithms/share/graph_search_algorithms/local_setup.sh
-- Installing: /home/ahmedmwafy/My_Projects/Path_Planning/pathgeneration_ws/install/graph_search_algorithms/share/graph_search_algorithms/local_setup.zsh
-- Installing: /home/ahmedmwafy/My_Projects/Path_Planning/pathgeneration_ws/install/graph_search_algorithms/share/graph_search_algorithms/local_setup.dsv
-- Installing: /home/ahmedmwafy/My_Projects/Path_Planning/pathgeneration_ws/install/graph_search_algorithms/share/graph_search_algorithms/package.dsv
-- Installing: /home/ahmedmwafy/My_Projects/Path_Planning/pathgeneration_ws/install/graph_search_algorithms/share/ament_index/resource_index/packages/graph_search_algorithms
-- Installing: /home/ahmedmwafy/My_Projects/Path_Planning/pathgeneration_ws/install/graph_search_algorithms/share/graph_search_algorithms/cmake/graph_search_algorithmsConfig.cmake
-- Installing: /home/ahmedmwafy/My_Projects/Path_Planning/pathgeneration_ws/install/graph_search_algorithms/share/graph_search_algorithms/cmake/graph_search_algorithmsConfig-version.cmake
-- Installing: /home/ahmedmwafy/My_Projects/Path_Planning/pathgeneration_ws/install/graph_search_algorithms/share/graph_search_algorithms/package.xml
