[0.007s] Invoking command in '/home/ahmedmwafy/My_Projects/Path_Planning/pathgeneration_ws/build/graph_search_algorithms': CMAKE_PREFIX_PATH=/opt/ros/humble /usr/bin/cmake /home/ahmedmwafy/My_Projects/Path_Planning/pathgeneration_ws/src/graph_search_algorithms -DCMAKE_INSTALL_PREFIX=/home/ahmedmwafy/My_Projects/Path_Planning/pathgeneration_ws/install/graph_search_algorithms
[0.109s] -- The C compiler identification is GNU 11.4.0
[0.168s] -- The CXX compiler identification is GNU 11.4.0
[0.174s] -- Detecting C compiler ABI info
[0.253s] -- Detecting C compiler ABI info - done
[0.260s] -- Check for working C compiler: /usr/bin/cc - skipped
[0.261s] -- Detecting C compile features
[0.261s] -- Detecting C compile features - done
[0.265s] -- Detecting CXX compiler ABI info
[0.355s] -- Detecting CXX compiler ABI info - done
[0.361s] -- Check for working CXX compiler: /usr/bin/c++ - skipped
[0.361s] -- Detecting CXX compile features
[0.362s] -- Detecting CXX compile features - done
[0.371s] -- Found ament_cmake: 1.3.11 (/opt/ros/humble/share/ament_cmake/cmake)
[0.496s] -- Found Python3: /usr/bin/python3 (found version "3.10.12") found components: Interpreter 
[0.567s] -- Found ament_lint_auto: 0.12.12 (/opt/ros/humble/share/ament_lint_auto/cmake)
[0.620s] -- Added test 'lint_cmake' to check CMake code style
[0.621s] -- Added test 'xmllint' to check XML markup files
[0.622s] -- Configuring done
[0.624s] -- Generating done
[0.626s] -- Build files have been written to: /home/ahmedmwafy/My_Projects/Path_Planning/pathgeneration_ws/build/graph_search_algorithms
[0.630s] Invoked command in '/home/ahmedmwafy/My_Projects/Path_Planning/pathgeneration_ws/build/graph_search_algorithms' returned '0': CMAKE_PREFIX_PATH=/opt/ros/humble /usr/bin/cmake /home/ahmedmwafy/My_Projects/Path_Planning/pathgeneration_ws/src/graph_search_algorithms -DCMAKE_INSTALL_PREFIX=/home/ahmedmwafy/My_Projects/Path_Planning/pathgeneration_ws/install/graph_search_algorithms
[0.634s] Invoking command in '/home/ahmedmwafy/My_Projects/Path_Planning/pathgeneration_ws/build/graph_search_algorithms': CMAKE_PREFIX_PATH=/opt/ros/humble /usr/bin/cmake --build /home/ahmedmwafy/My_Projects/Path_Planning/pathgeneration_ws/build/graph_search_algorithms -- -j16 -l16
[0.668s] Invoked command in '/home/ahmedmwafy/My_Projects/Path_Planning/pathgeneration_ws/build/graph_search_algorithms' returned '0': CMAKE_PREFIX_PATH=/opt/ros/humble /usr/bin/cmake --build /home/ahmedmwafy/My_Projects/Path_Planning/pathgeneration_ws/build/graph_search_algorithms -- -j16 -l16
[0.679s] Invoking command in '/home/ahmedmwafy/My_Projects/Path_Planning/pathgeneration_ws/build/graph_search_algorithms': CMAKE_PREFIX_PATH=/opt/ros/humble /usr/bin/cmake --install /home/ahmedmwafy/My_Projects/Path_Planning/pathgeneration_ws/build/graph_search_algorithms
[0.685s] -- Install configuration: ""
[0.686s] -- Installing: /home/ahmedmwafy/My_Projects/Path_Planning/pathgeneration_ws/install/graph_search_algorithms/share/ament_index/resource_index/package_run_dependencies/graph_search_algorithms
[0.686s] -- Installing: /home/ahmedmwafy/My_Projects/Path_Planning/pathgeneration_ws/install/graph_search_algorithms/share/ament_index/resource_index/parent_prefix_path/graph_search_algorithms
[0.686s] -- Installing: /home/ahmedmwafy/My_Projects/Path_Planning/pathgeneration_ws/install/graph_search_algorithms/share/graph_search_algorithms/environment/ament_prefix_path.sh
[0.686s] -- Installing: /home/ahmedmwafy/My_Projects/Path_Planning/pathgeneration_ws/install/graph_search_algorithms/share/graph_search_algorithms/environment/ament_prefix_path.dsv
[0.687s] -- Installing: /home/ahmedmwafy/My_Projects/Path_Planning/pathgeneration_ws/install/graph_search_algorithms/share/graph_search_algorithms/environment/path.sh
[0.687s] -- Installing: /home/ahmedmwafy/My_Projects/Path_Planning/pathgeneration_ws/install/graph_search_algorithms/share/graph_search_algorithms/environment/path.dsv
[0.687s] -- Installing: /home/ahmedmwafy/My_Projects/Path_Planning/pathgeneration_ws/install/graph_search_algorithms/share/graph_search_algorithms/local_setup.bash
[0.687s] -- Installing: /home/ahmedmwafy/My_Projects/Path_Planning/pathgeneration_ws/install/graph_search_algorithms/share/graph_search_algorithms/local_setup.sh
[0.687s] -- Installing: /home/ahmedmwafy/My_Projects/Path_Planning/pathgeneration_ws/install/graph_search_algorithms/share/graph_search_algorithms/local_setup.zsh
[0.687s] -- Installing: /home/ahmedmwafy/My_Projects/Path_Planning/pathgeneration_ws/install/graph_search_algorithms/share/graph_search_algorithms/local_setup.dsv
[0.687s] -- Installing: /home/ahmedmwafy/My_Projects/Path_Planning/pathgeneration_ws/install/graph_search_algorithms/share/graph_search_algorithms/package.dsv
[0.688s] -- Installing: /home/ahmedmwafy/My_Projects/Path_Planning/pathgeneration_ws/install/graph_search_algorithms/share/ament_index/resource_index/packages/graph_search_algorithms
[0.688s] -- Installing: /home/ahmedmwafy/My_Projects/Path_Planning/pathgeneration_ws/install/graph_search_algorithms/share/graph_search_algorithms/cmake/graph_search_algorithmsConfig.cmake
[0.688s] -- Installing: /home/ahmedmwafy/My_Projects/Path_Planning/pathgeneration_ws/install/graph_search_algorithms/share/graph_search_algorithms/cmake/graph_search_algorithmsConfig-version.cmake
[0.688s] -- Installing: /home/ahmedmwafy/My_Projects/Path_Planning/pathgeneration_ws/install/graph_search_algorithms/share/graph_search_algorithms/package.xml
[0.691s] Invoked command in '/home/ahmedmwafy/My_Projects/Path_Planning/pathgeneration_ws/build/graph_search_algorithms' returned '0': CMAKE_PREFIX_PATH=/opt/ros/humble /usr/bin/cmake --install /home/ahmedmwafy/My_Projects/Path_Planning/pathgeneration_ws/build/graph_search_algorithms
