[0.007s] Invoking command in '/home/ahmedmwafy/My_Projects/Path_Planning/pathgeneration_ws/build/dijkstra_graph_search': CMAKE_PREFIX_PATH=/opt/ros/humble /usr/bin/cmake /home/ahmedmwafy/My_Projects/Path_Planning/pathgeneration_ws/src/graph_search_algorithms -DCMAKE_INSTALL_PREFIX=/home/ahmedmwafy/My_Projects/Path_Planning/pathgeneration_ws/install/dijkstra_graph_search
[0.059s] -- The C compiler identification is GNU 11.4.0
[0.110s] -- The CXX compiler identification is GNU 11.4.0
[0.118s] -- Detecting C compiler ABI info
[0.200s] -- Detecting C compiler ABI info - done
[0.207s] -- Check for working C compiler: /usr/bin/cc - skipped
[0.207s] -- Detecting C compile features
[0.208s] -- Detecting C compile features - done
[0.212s] -- Detecting CXX compiler ABI info
[0.301s] -- Detecting CXX compiler ABI info - done
[0.309s] -- Check for working CXX compiler: /usr/bin/c++ - skipped
[0.309s] -- Detecting CXX compile features
[0.309s] -- Detecting CXX compile features - done
[0.311s] -- Found ament_cmake: 1.3.11 (/opt/ros/humble/share/ament_cmake/cmake)
[0.439s] -- Found Python3: /usr/bin/python3 (found version "3.10.12") found components: Interpreter 
[0.506s] -- Found rclcpp: 16.0.12 (/opt/ros/humble/share/rclcpp/cmake)
[0.539s] -- Found rosidl_generator_c: 3.1.6 (/opt/ros/humble/share/rosidl_generator_c/cmake)
[0.543s] -- Found rosidl_adapter: 3.1.6 (/opt/ros/humble/share/rosidl_adapter/cmake)
[0.548s] -- Found rosidl_generator_cpp: 3.1.6 (/opt/ros/humble/share/rosidl_generator_cpp/cmake)
[0.557s] -- Using all available rosidl_typesupport_c: rosidl_typesupport_fastrtps_c;rosidl_typesupport_introspection_c
[0.568s] -- Using all available rosidl_typesupport_cpp: rosidl_typesupport_fastrtps_cpp;rosidl_typesupport_introspection_cpp
[0.598s] -- Found rmw_implementation_cmake: 6.1.2 (/opt/ros/humble/share/rmw_implementation_cmake/cmake)
[0.599s] -- Found rmw_fastrtps_cpp: 6.2.7 (/opt/ros/humble/share/rmw_fastrtps_cpp/cmake)
[0.678s] -- Found OpenSSL: /usr/lib/x86_64-linux-gnu/libcrypto.so (found version "3.0.2")  
[0.700s] -- Found FastRTPS: /opt/ros/humble/include  
[0.732s] -- Using RMW implementation 'rmw_fastrtps_cpp' as default
[0.743s] -- Looking for pthread.h
[0.810s] -- Looking for pthread.h - found
[0.810s] -- Performing Test CMAKE_HAVE_LIBC_PTHREAD
[0.904s] -- Performing Test CMAKE_HAVE_LIBC_PTHREAD - Success
[0.905s] -- Found Threads: TRUE  
[0.949s] -- Found rclpy: 3.3.16 (/opt/ros/humble/share/rclpy/cmake)
[0.950s] -- Found nav_msgs: 4.9.0 (/opt/ros/humble/share/nav_msgs/cmake)
[0.973s] -- Found tf2_ros: 0.25.13 (/opt/ros/humble/share/tf2_ros/cmake)
[1.047s] -- Found ament_lint_auto: 0.12.12 (/opt/ros/humble/share/ament_lint_auto/cmake)
[1.091s] [31mCMake Error at /opt/ros/humble/share/ament_cmake_core/cmake/core/ament_package_xml.cmake:53 (message):
[1.091s]   ament_package_xml() package name 'dijkstra_graph_search' in '/package.xml'
[1.091s]   does not match current PROJECT_NAME 'graph_search_algorithms'.  You must
[1.091s]   call project() with the same package name before.
[1.091s] Call Stack (most recent call first):
[1.091s]   /opt/ros/humble/share/ament_lint_auto/cmake/ament_lint_auto_find_test_dependencies.cmake:31 (ament_package_xml)
[1.091s]   CMakeLists.txt:57 (ament_lint_auto_find_test_dependencies)
[1.091s] 
[1.091s] [0m
[1.092s] -- Configuring incomplete, errors occurred!
[1.092s] See also "/home/ahmedmwafy/My_Projects/Path_Planning/pathgeneration_ws/build/dijkstra_graph_search/CMakeFiles/CMakeOutput.log".
[1.100s] Invoked command in '/home/ahmedmwafy/My_Projects/Path_Planning/pathgeneration_ws/build/dijkstra_graph_search' returned '1': CMAKE_PREFIX_PATH=/opt/ros/humble /usr/bin/cmake /home/ahmedmwafy/My_Projects/Path_Planning/pathgeneration_ws/src/graph_search_algorithms -DCMAKE_INSTALL_PREFIX=/home/ahmedmwafy/My_Projects/Path_Planning/pathgeneration_ws/install/dijkstra_graph_search
